[0.010s] Invoking command in '/home/arip/Documents/mini-project/ros2-study/build/ros2_fundamentals_examples': CMAKE_PREFIX_PATH=${CMAKE_PREFIX_PATH}:/opt/ros/jazzy CONDA_PROMPT_MODIFIER=(base) DEBUGINFOD_URLS=https://debuginfod.ubuntu.com /usr/bin/cmake --build /home/arip/Documents/mini-project/ros2-study/build/ros2_fundamentals_examples -- -j12 -l12
[0.042s] Invoked command in '/home/arip/Documents/mini-project/ros2-study/build/ros2_fundamentals_examples' returned '0': CMAKE_PREFIX_PATH=${CMAKE_PREFIX_PATH}:/opt/ros/jazzy CONDA_PROMPT_MODIFIER=(base) DEBUGINFOD_URLS=https://debuginfod.ubuntu.com /usr/bin/cmake --build /home/arip/Documents/mini-project/ros2-study/build/ros2_fundamentals_examples -- -j12 -l12
[0.050s] Invoking command in '/home/arip/Documents/mini-project/ros2-study/build/ros2_fundamentals_examples': CMAKE_PREFIX_PATH=${CMAKE_PREFIX_PATH}:/opt/ros/jazzy CONDA_PROMPT_MODIFIER=(base) DEBUGINFOD_URLS=https://debuginfod.ubuntu.com /usr/bin/cmake --install /home/arip/Documents/mini-project/ros2-study/build/ros2_fundamentals_examples
[0.057s] -- Install configuration: ""
[0.057s] -- Up-to-date: /home/arip/Documents/mini-project/ros2-study/install/ros2_fundamentals_examples/share/ament_index/resource_index/package_run_dependencies/ros2_fundamentals_examples
[0.057s] -- Up-to-date: /home/arip/Documents/mini-project/ros2-study/install/ros2_fundamentals_examples/share/ament_index/resource_index/parent_prefix_path/ros2_fundamentals_examples
[0.058s] -- Up-to-date: /home/arip/Documents/mini-project/ros2-study/install/ros2_fundamentals_examples/share/ros2_fundamentals_examples/environment/ament_prefix_path.sh
[0.058s] -- Up-to-date: /home/arip/Documents/mini-project/ros2-study/install/ros2_fundamentals_examples/share/ros2_fundamentals_examples/environment/ament_prefix_path.dsv
[0.058s] -- Up-to-date: /home/arip/Documents/mini-project/ros2-study/install/ros2_fundamentals_examples/share/ros2_fundamentals_examples/environment/path.sh
[0.058s] -- Up-to-date: /home/arip/Documents/mini-project/ros2-study/install/ros2_fundamentals_examples/share/ros2_fundamentals_examples/environment/path.dsv
[0.058s] -- Up-to-date: /home/arip/Documents/mini-project/ros2-study/install/ros2_fundamentals_examples/share/ros2_fundamentals_examples/local_setup.bash
[0.058s] -- Up-to-date: /home/arip/Documents/mini-project/ros2-study/install/ros2_fundamentals_examples/share/ros2_fundamentals_examples/local_setup.sh
[0.058s] -- Up-to-date: /home/arip/Documents/mini-project/ros2-study/install/ros2_fundamentals_examples/share/ros2_fundamentals_examples/local_setup.zsh
[0.058s] -- Up-to-date: /home/arip/Documents/mini-project/ros2-study/install/ros2_fundamentals_examples/share/ros2_fundamentals_examples/local_setup.dsv
[0.059s] -- Up-to-date: /home/arip/Documents/mini-project/ros2-study/install/ros2_fundamentals_examples/share/ros2_fundamentals_examples/package.dsv
[0.059s] -- Up-to-date: /home/arip/Documents/mini-project/ros2-study/install/ros2_fundamentals_examples/share/ament_index/resource_index/packages/ros2_fundamentals_examples
[0.059s] -- Up-to-date: /home/arip/Documents/mini-project/ros2-study/install/ros2_fundamentals_examples/share/ros2_fundamentals_examples/cmake/ros2_fundamentals_examplesConfig.cmake
[0.060s] -- Up-to-date: /home/arip/Documents/mini-project/ros2-study/install/ros2_fundamentals_examples/share/ros2_fundamentals_examples/cmake/ros2_fundamentals_examplesConfig-version.cmake
[0.060s] -- Up-to-date: /home/arip/Documents/mini-project/ros2-study/install/ros2_fundamentals_examples/share/ros2_fundamentals_examples/package.xml
[0.060s] Invoked command in '/home/arip/Documents/mini-project/ros2-study/build/ros2_fundamentals_examples' returned '0': CMAKE_PREFIX_PATH=${CMAKE_PREFIX_PATH}:/opt/ros/jazzy CONDA_PROMPT_MODIFIER=(base) DEBUGINFOD_URLS=https://debuginfod.ubuntu.com /usr/bin/cmake --install /home/arip/Documents/mini-project/ros2-study/build/ros2_fundamentals_examples
